<?xml version="1.0" encoding="UTF-8"?>
<testsuite name="Cucumber" time="227.811" tests="9" skipped="0" failures="2" errors="0" timestamp="2025-08-21T10:45:24.321929900Z">
<testcase classname="Check user is able to login with valid credentials" name="Successful Login" time="32.256">
<system-out><![CDATA[
Given login page should open in default browser.............................passed
When page loads click on signin button......................................passed
And click on username and click continue....................................passed
And click on password and click continue....................................passed
Then login successfully and open home page..................................passed
]]></system-out>
</testcase>
<testcase classname="Check search feature" name="" time="8.783">
<system-out><![CDATA[
Given login user and searchbar available....................................passed
When click on searchbar.....................................................passed
And Enter inputs then use keyboard enter key................................passed
Then list of output relevant to input.......................................passed
]]></system-out>
</testcase>
<testcase classname="Check user is able to add item and remove from cart" name="" time="25.522">
<failure/>
<system-out><![CDATA[
Given Page should open in default browser...................................passed
When Page loads navigate to product page....................................passed
And Add item to cart........................................................passed
And Go to Cart page.........................................................passed
And remove item from cart...................................................undefined
Then removed item successfully..............................................skipped
]]></system-out>
</testcase>
<testcase classname="check user is albe to filter product" name="" time="15.054">
<system-out><![CDATA[
Given filter page should open in default broweser...........................passed
When search and navigate to product page....................................passed
And Apply Filter............................................................passed
Then successfully Applied Filter............................................passed
]]></system-out>
</testcase>
<testcase classname="Check user is able to shop items by category" name="Successfully able to view category" time="23.409">
<system-out><![CDATA[
Given Page opens in ebay website............................................passed
When page loads click on shopbycategory.....................................passed
And click on computers and navigate back....................................passed
And click on cameras and navigate back......................................passed
And click on video games and navigate back..................................passed
Then successfully shop by category is working...............................passed
]]></system-out>
</testcase>
<testcase classname="Check user is able to shop items by all categories" name="Successfully Able to shop by all category" time="9.006">
<system-out><![CDATA[
Given Page opens in ebay all categories.....................................passed
When page loads click on All Categories.....................................passed
And select one category and press enter.....................................passed
Then successfully Shop By All category is working...........................passed
]]></system-out>
</testcase>
<testcase classname="check language change feature" name="check language change feature is working or not" time="83.128">
<system-out><![CDATA[
Given Login user and language change button available.......................passed
When homepage and scroll to bottom..........................................passed
And click on language button and choose country.............................passed
Then language changed successfully..........................................passed
]]></system-out>
</testcase>
<testcase classname="Check user is able to get product description by right-clicking on product image" name="Successfully get description by right-clicking on a specific product image" time="15.689">
<system-out><![CDATA[
Given the home page should be open in default browser.......................passed
When the user searches for a specific product...............................passed
And the user right-clicks on the product image..............................passed
Then the description of the selected product should be displayed............passed
]]></system-out>
</testcase>
<testcase classname="check user is able to change the addess" name="successful change address" time="14.57">
<failure type="org.openqa.selenium.remote.UnreachableBrowserException" message="Error communicating with the remote browser. It may have died.
Build info: version: '4.34.0', revision: '2a4c61c498'
System info: os.name: 'Windows 11', os.arch: 'amd64', os.version: '10.0', java.version: '21.0.5'
Driver info: org.openqa.selenium.chrome.ChromeDriver
Command: [0ba491fe9779d0d10a0a2d43c2af305b, clickElement [id]]
Capabilities {acceptInsecureCerts: false, browserName: chrome, browserVersion: 139.0.7258.129, chrome: {chromedriverVersion: 139.0.7258.138 (884e54ea8d4..., userDataDir: C:\Users\prase\AppData\Loca...}, fedcm:accounts: true, goog:chromeOptions: {debuggerAddress: localhost:54473}, networkConnectionEnabled: false, pageLoadStrategy: normal, platformName: windows, proxy: Proxy(), se:cdp: ws://localhost:54473/devtoo..., se:cdpVersion: 139.0.7258.129, setWindowRect: true, strictFileInteractability: false, timeouts: {implicit: 0, pageLoad: 300000, script: 30000}, unhandledPromptBehavior: dismiss and notify, webauthn:extension:credBlob: true, webauthn:extension:largeBlob: true, webauthn:extension:minPinLength: true, webauthn:extension:prf: true, webauthn:virtualAuthenticators: true}
Element: [[ChromeDriver: chrome on windows (0ba491fe9779d0d10a0a2d43c2af305b)] -&gt; id: pass]
Session ID: 0ba491fe9779d0d10a0a2d43c2af305b">
<![CDATA[org.openqa.selenium.remote.UnreachableBrowserException: Error communicating with the remote browser. It may have died.
Build info: version: '4.34.0', revision: '2a4c61c498'
System info: os.name: 'Windows 11', os.arch: 'amd64', os.version: '10.0', java.version: '21.0.5'
Driver info: org.openqa.selenium.chrome.ChromeDriver
Command: [0ba491fe9779d0d10a0a2d43c2af305b, clickElement [id]]
Capabilities {acceptInsecureCerts: false, browserName: chrome, browserVersion: 139.0.7258.129, chrome: {chromedriverVersion: 139.0.7258.138 (884e54ea8d4..., userDataDir: C:\Users\prase\AppData\Loca...}, fedcm:accounts: true, goog:chromeOptions: {debuggerAddress: localhost:54473}, networkConnectionEnabled: false, pageLoadStrategy: normal, platformName: windows, proxy: Proxy(), se:cdp: ws://localhost:54473/devtoo..., se:cdpVersion: 139.0.7258.129, setWindowRect: true, strictFileInteractability: false, timeouts: {implicit: 0, pageLoad: 300000, script: 30000}, unhandledPromptBehavior: dismiss and notify, webauthn:extension:credBlob: true, webauthn:extension:largeBlob: true, webauthn:extension:minPinLength: true, webauthn:extension:prf: true, webauthn:virtualAuthenticators: true}
Element: [[ChromeDriver: chrome on windows (0ba491fe9779d0d10a0a2d43c2af305b)] -> id: pass]
Session ID: 0ba491fe9779d0d10a0a2d43c2af305b
	at org.openqa.selenium.remote.RemoteWebDriver.execute(RemoteWebDriver.java:571)
	at org.openqa.selenium.remote.RemoteWebElement.execute(RemoteWebElement.java:223)
	at org.openqa.selenium.remote.RemoteWebElement.click(RemoteWebElement.java:76)
	at StepDefinition.PageClass.pass_in(PageClass.java:91)
	at StepDefinition.ChangeAddressStep.click_on_address(ChangeAddressStep.java:32)
	at âœ½.click on address(file:///C:/Users/prase/wipro_training_java_selenium/Cucumber_Try/src/test/resources/features/09ChangeAddress.feature:5)
Caused by: java.io.UncheckedIOException: java.io.IOException: HTTP/1.1 header parser received no bytes
	at org.openqa.selenium.remote.http.jdk.JdkHttpClient.execute0(JdkHttpClient.java:500)
	at org.openqa.selenium.remote.http.AddSeleniumUserAgent.lambda$apply$0(AddSeleniumUserAgent.java:42)
	at org.openqa.selenium.remote.http.Filter.lambda$andFinally$1(Filter.java:55)
	at org.openqa.selenium.remote.http.jdk.JdkHttpClient.lambda$executeAsync$2(JdkHttpClient.java:387)
	at java.base/java.util.concurrent.Executors$RunnableAdapter.call(Executors.java:572)
	at java.base/java.util.concurrent.FutureTask.run(FutureTask.java:317)
	at java.base/java.util.concurrent.ThreadPoolExecutor.runWorker(ThreadPoolExecutor.java:1144)
	at java.base/java.util.concurrent.ThreadPoolExecutor$Worker.run(ThreadPoolExecutor.java:642)
	at java.base/java.lang.Thread.run(Thread.java:1583)
Caused by: java.io.IOException: HTTP/1.1 header parser received no bytes
	at java.net.http/jdk.internal.net.http.HttpClientImpl.send(HttpClientImpl.java:966)
	at java.net.http/jdk.internal.net.http.HttpClientFacade.send(HttpClientFacade.java:133)
	at org.openqa.selenium.remote.http.jdk.JdkHttpClient.execute0(JdkHttpClient.java:459)
	... 8 more
Caused by: java.io.IOException: HTTP/1.1 header parser received no bytes
	at java.net.http/jdk.internal.net.http.common.Utils.wrapWithExtraDetail(Utils.java:388)
	at java.net.http/jdk.internal.net.http.Http1Response$HeadersReader.onReadError(Http1Response.java:590)
	at java.net.http/jdk.internal.net.http.Http1AsyncReceiver.checkForErrors(Http1AsyncReceiver.java:302)
	at java.net.http/jdk.internal.net.http.Http1AsyncReceiver.flush(Http1AsyncReceiver.java:268)
	at java.net.http/jdk.internal.net.http.common.SequentialScheduler$LockingRestartableTask.run(SequentialScheduler.java:182)
	at java.net.http/jdk.internal.net.http.common.SequentialScheduler$CompleteRestartableTask.run(SequentialScheduler.java:149)
	at java.net.http/jdk.internal.net.http.common.SequentialScheduler$SchedulableTask.run(SequentialScheduler.java:207)
	... 3 more
Caused by: java.net.SocketException: Connection reset
	at java.base/sun.nio.ch.SocketChannelImpl.throwConnectionReset(SocketChannelImpl.java:401)
	at java.base/sun.nio.ch.SocketChannelImpl.read(SocketChannelImpl.java:434)
	at java.net.http/jdk.internal.net.http.SocketTube.readAvailable(SocketTube.java:1178)
	at java.net.http/jdk.internal.net.http.SocketTube$InternalReadPublisher$InternalReadSubscription.read(SocketTube.java:841)
	at java.net.http/jdk.internal.net.http.SocketTube$SocketFlowTask.run(SocketTube.java:181)
	at java.net.http/jdk.internal.net.http.common.SequentialScheduler$SchedulableTask.run(SequentialScheduler.java:207)
	at java.net.http/jdk.internal.net.http.common.SequentialScheduler.runOrSchedule(SequentialScheduler.java:280)
	at java.net.http/jdk.internal.net.http.common.SequentialScheduler.runOrSchedule(SequentialScheduler.java:233)
	at java.net.http/jdk.internal.net.http.SocketTube$InternalReadPublisher$InternalReadSubscription.signalReadable(SocketTube.java:782)
	at java.net.http/jdk.internal.net.http.SocketTube$InternalReadPublisher$ReadEvent.signalEvent(SocketTube.java:965)
	at java.net.http/jdk.internal.net.http.SocketTube$SocketFlowEvent.handle(SocketTube.java:253)
	at java.net.http/jdk.internal.net.http.HttpClientImpl$SelectorManager.handleEvent(HttpClientImpl.java:1469)
	at java.net.http/jdk.internal.net.http.HttpClientImpl$SelectorManager.lambda$run$3(HttpClientImpl.java:1414)
	at java.base/java.util.ArrayList.forEach(ArrayList.java:1596)
	at java.net.http/jdk.internal.net.http.HttpClientImpl$SelectorManager.run(HttpClientImpl.java:1414)
]]>
</failure>
<system-out><![CDATA[
Given address page should be open in default browsers.......................passed
When click on address.......................................................failed
And click on edit button to chnage address..................................skipped
Then successfully change address............................................skipped
]]></system-out>
</testcase>
</testsuite>
