<?xml version="1.0" encoding="UTF-8"?>
<testsuite name="Cucumber" time="180.807" tests="10" skipped="0" failures="2" errors="0" timestamp="2025-08-21T07:38:27.361892400Z">
<testcase classname="Check user is able to login with valid credentials" name="Successful Login" time="24.919">
<system-out><![CDATA[
Given login page should open in default browser.............................passed
When page loads click on signin button......................................passed
And click on username and click continue....................................passed
And click on password and click continue....................................passed
Then login successfully and open home page..................................passed
]]></system-out>
</testcase>
<testcase classname="Check search feature" name="" time="7.342">
<system-out><![CDATA[
Given login user and searchbar available....................................passed
When click on searchbar.....................................................passed
And Enter inputs then use keyboard enter key................................passed
Then list of output relevant to input.......................................passed
]]></system-out>
</testcase>
<testcase classname="Check user is able to add item and remove from cart" name="" time="19.221">
<system-out><![CDATA[
Given Page should open in default browser...................................passed
When Page loads navigate to product page....................................passed
And Add item to cart........................................................passed
And Go to Cart page.........................................................passed
Then Added item successfully................................................passed
]]></system-out>
</testcase>
<testcase classname="Check user is able to remove item from cart" name="" time="16.728">
<failure type="org.openqa.selenium.NoSuchElementException" message="no such element: Unable to locate element: {&quot;method&quot;:&quot;css selector&quot;,&quot;selector&quot;:&quot;button[data-test-id=&quot;cart-remove-item&quot;]&quot;}
  (Session info: chrome=139.0.7258.129)
For documentation on this error, please visit: https://www.selenium.dev/documentation/webdriver/troubleshooting/errors#no-such-element-exception
Build info: version: '4.34.0', revision: '2a4c61c498'
System info: os.name: 'Windows 11', os.arch: 'amd64', os.version: '10.0', java.version: '21.0.5'
Driver info: org.openqa.selenium.chrome.ChromeDriver
Command: [e140bc4c69fbacd9c3f2aee54e336607, findElement {value=button[data-test-id=&quot;cart-remove-item&quot;], using=css selector}]
Capabilities {acceptInsecureCerts: false, browserName: chrome, browserVersion: 139.0.7258.129, chrome: {chromedriverVersion: 139.0.7258.138 (884e54ea8d4..., userDataDir: C:\Users\prase\AppData\Loca...}, fedcm:accounts: true, goog:chromeOptions: {debuggerAddress: localhost:49923}, networkConnectionEnabled: false, pageLoadStrategy: normal, platformName: windows, proxy: Proxy(), se:cdp: ws://localhost:49923/devtoo..., se:cdpVersion: 139.0.7258.129, setWindowRect: true, strictFileInteractability: false, timeouts: {implicit: 0, pageLoad: 300000, script: 30000}, unhandledPromptBehavior: dismiss and notify, webauthn:extension:credBlob: true, webauthn:extension:largeBlob: true, webauthn:extension:minPinLength: true, webauthn:extension:prf: true, webauthn:virtualAuthenticators: true}
Session ID: e140bc4c69fbacd9c3f2aee54e336607">
<![CDATA[org.openqa.selenium.NoSuchElementException: no such element: Unable to locate element: {"method":"css selector","selector":"button[data-test-id="cart-remove-item"]"}
  (Session info: chrome=139.0.7258.129)
For documentation on this error, please visit: https://www.selenium.dev/documentation/webdriver/troubleshooting/errors#no-such-element-exception
Build info: version: '4.34.0', revision: '2a4c61c498'
System info: os.name: 'Windows 11', os.arch: 'amd64', os.version: '10.0', java.version: '21.0.5'
Driver info: org.openqa.selenium.chrome.ChromeDriver
Command: [e140bc4c69fbacd9c3f2aee54e336607, findElement {value=button[data-test-id="cart-remove-item"], using=css selector}]
Capabilities {acceptInsecureCerts: false, browserName: chrome, browserVersion: 139.0.7258.129, chrome: {chromedriverVersion: 139.0.7258.138 (884e54ea8d4..., userDataDir: C:\Users\prase\AppData\Loca...}, fedcm:accounts: true, goog:chromeOptions: {debuggerAddress: localhost:49923}, networkConnectionEnabled: false, pageLoadStrategy: normal, platformName: windows, proxy: Proxy(), se:cdp: ws://localhost:49923/devtoo..., se:cdpVersion: 139.0.7258.129, setWindowRect: true, strictFileInteractability: false, timeouts: {implicit: 0, pageLoad: 300000, script: 30000}, unhandledPromptBehavior: dismiss and notify, webauthn:extension:credBlob: true, webauthn:extension:largeBlob: true, webauthn:extension:minPinLength: true, webauthn:extension:prf: true, webauthn:virtualAuthenticators: true}
Session ID: e140bc4c69fbacd9c3f2aee54e336607
	at java.base/jdk.internal.reflect.DirectConstructorHandleAccessor.newInstance(DirectConstructorHandleAccessor.java:62)
	at java.base/java.lang.reflect.Constructor.newInstanceWithCaller(Constructor.java:502)
	at java.base/java.lang.reflect.Constructor.newInstance(Constructor.java:486)
	at org.openqa.selenium.remote.ErrorCodec.decode(ErrorCodec.java:167)
	at org.openqa.selenium.remote.codec.w3c.W3CHttpResponseCodec.decode(W3CHttpResponseCodec.java:138)
	at org.openqa.selenium.remote.codec.w3c.W3CHttpResponseCodec.decode(W3CHttpResponseCodec.java:50)
	at org.openqa.selenium.remote.HttpCommandExecutor.execute(HttpCommandExecutor.java:215)
	at org.openqa.selenium.remote.service.DriverCommandExecutor.invokeExecute(DriverCommandExecutor.java:216)
	at org.openqa.selenium.remote.service.DriverCommandExecutor.execute(DriverCommandExecutor.java:174)
	at org.openqa.selenium.remote.RemoteWebDriver.execute(RemoteWebDriver.java:544)
	at org.openqa.selenium.remote.ElementLocation$ElementFinder$2.findElement(ElementLocation.java:165)
	at org.openqa.selenium.remote.ElementLocation.findElement(ElementLocation.java:59)
	at org.openqa.selenium.remote.RemoteWebDriver.findElement(RemoteWebDriver.java:367)
	at org.openqa.selenium.remote.RemoteWebDriver.findElement(RemoteWebDriver.java:361)
	at StepDefinition.RemoveCartStep.remove_item_from_cart(RemoveCartStep.java:31)
	at ✽.remove item from cart(file:///C:/Users/prase/wipro_training_java_selenium/Cucumber_Try/src/test/resources/features/04RemoveCart.feature:7)
]]>
</failure>
<system-out><![CDATA[
Given Page should open in default browsers..................................passed
When Page loads navigate to cart  page......................................passed
And remove item from cart...................................................failed
Then successfully removed item from cart....................................skipped
]]></system-out>
</testcase>
<testcase classname="check user is albe to filter product" name="" time="11.48">
<system-out><![CDATA[
Given filter page should open in default broweser...........................passed
When search and navigate to product page....................................passed
And Apply Filter............................................................passed
Then successfully Applied Filter............................................passed
]]></system-out>
</testcase>
<testcase classname="Check user is able to shop items by category" name="" time="25.109">
<system-out><![CDATA[
Given Page opens in ebay website............................................passed
When page loads click on shopbycategory.....................................passed
And click on computers and navigate back....................................passed
And click on cameras and navigate back......................................passed
And click on video games and navigate back..................................passed
Then successfully shop by category is working...............................passed
]]></system-out>
</testcase>
<testcase classname="Check user is able to shop items by all categories" name="" time="6.894">
<system-out><![CDATA[
Given Page opens in ebay all categories.....................................passed
When page loads click on All Categories.....................................passed
And select one category and press enter.....................................passed
Then successfully Shop By All category is working...........................passed
]]></system-out>
</testcase>
<testcase classname="check language change feature" name="check language change feature is working or not" time="24.67">
<system-out><![CDATA[
Given Login user and language change button available.......................passed
When homepage and scroll to bottom..........................................passed
And click on language button and choose country.............................passed
Then language changed successfully..........................................passed
]]></system-out>
</testcase>
<testcase classname="Check user is able to get product description by right-clicking on product image" name="Successfully get description by right-clicking on a specific product image" time="20.101">
<failure type="org.openqa.selenium.TimeoutException" message="Expected condition failed: waiting for presence of element located by: By.xpath: //*[@id=&quot;item2b24cf1791&quot;]/div/div[1]/div/a/div/img (tried for 10 second(s) with 500 milliseconds interval)">
<![CDATA[org.openqa.selenium.TimeoutException: Expected condition failed: waiting for presence of element located by: By.xpath: //*[@id="item2b24cf1791"]/div/div[1]/div/a/div/img (tried for 10 second(s) with 500 milliseconds interval)
	at org.openqa.selenium.support.ui.WebDriverWait.timeoutException(WebDriverWait.java:84)
	at org.openqa.selenium.support.ui.FluentWait.until(FluentWait.java:228)
	at StepDefinition.PageClass.right_in(PageClass.java:189)
	at StepDefinition.RightClickStep.the_user_right_clicks_on_the_product_image(RightClickStep.java:34)
	at ✽.the user right-clicks on the product image(file:///C:/Users/prase/wipro_training_java_selenium/Cucumber_Try/src/test/resources/features/09RightClick.feature:6)
Caused by: org.openqa.selenium.NoSuchElementException: no such element: Unable to locate element: {"method":"xpath","selector":"//*[@id="item2b24cf1791"]/div/div[1]/div/a/div/img"}
  (Session info: chrome=139.0.7258.129)
For documentation on this error, please visit: https://www.selenium.dev/documentation/webdriver/troubleshooting/errors#no-such-element-exception
Build info: version: '4.34.0', revision: '2a4c61c498'
System info: os.name: 'Windows 11', os.arch: 'amd64', os.version: '10.0', java.version: '21.0.5'
Driver info: org.openqa.selenium.chrome.ChromeDriver
Command: [4be3c5b1b2b0d983f11adc9ba0d7e710, findElement {value=//*[@id="item2b24cf1791"]/div/div[1]/div/a/div/img, using=xpath}]
Capabilities {acceptInsecureCerts: false, browserName: chrome, browserVersion: 139.0.7258.129, chrome: {chromedriverVersion: 139.0.7258.138 (884e54ea8d4..., userDataDir: C:\Users\prase\AppData\Loca...}, fedcm:accounts: true, goog:chromeOptions: {debuggerAddress: localhost:49744}, networkConnectionEnabled: false, pageLoadStrategy: normal, platformName: windows, proxy: Proxy(), se:cdp: ws://localhost:49744/devtoo..., se:cdpVersion: 139.0.7258.129, setWindowRect: true, strictFileInteractability: false, timeouts: {implicit: 0, pageLoad: 300000, script: 30000}, unhandledPromptBehavior: dismiss and notify, webauthn:extension:credBlob: true, webauthn:extension:largeBlob: true, webauthn:extension:minPinLength: true, webauthn:extension:prf: true, webauthn:virtualAuthenticators: true}
Session ID: 4be3c5b1b2b0d983f11adc9ba0d7e710
	at java.base/jdk.internal.reflect.DirectConstructorHandleAccessor.newInstance(DirectConstructorHandleAccessor.java:62)
	at java.base/java.lang.reflect.Constructor.newInstanceWithCaller(Constructor.java:502)
	at java.base/java.lang.reflect.Constructor.newInstance(Constructor.java:486)
	at org.openqa.selenium.remote.ErrorCodec.decode(ErrorCodec.java:167)
	at org.openqa.selenium.remote.codec.w3c.W3CHttpResponseCodec.decode(W3CHttpResponseCodec.java:138)
	at org.openqa.selenium.remote.codec.w3c.W3CHttpResponseCodec.decode(W3CHttpResponseCodec.java:50)
	at org.openqa.selenium.remote.HttpCommandExecutor.execute(HttpCommandExecutor.java:215)
	at org.openqa.selenium.remote.service.DriverCommandExecutor.invokeExecute(DriverCommandExecutor.java:216)
	at org.openqa.selenium.remote.service.DriverCommandExecutor.execute(DriverCommandExecutor.java:174)
	at org.openqa.selenium.remote.RemoteWebDriver.execute(RemoteWebDriver.java:544)
	at org.openqa.selenium.remote.ElementLocation$ElementFinder$2.findElement(ElementLocation.java:165)
	at org.openqa.selenium.remote.ElementLocation.findElement(ElementLocation.java:59)
	at org.openqa.selenium.remote.RemoteWebDriver.findElement(RemoteWebDriver.java:367)
	at org.openqa.selenium.remote.RemoteWebDriver.findElement(RemoteWebDriver.java:361)
	at org.openqa.selenium.support.ui.ExpectedConditions$6.apply(ExpectedConditions.java:171)
	at org.openqa.selenium.support.ui.ExpectedConditions$6.apply(ExpectedConditions.java:168)
	at org.openqa.selenium.support.ui.FluentWait.until(FluentWait.java:203)
	... 3 more
]]>
</failure>
<system-out><![CDATA[
Given the home page should be open in default browser.......................passed
When the user searches for a specific product...............................passed
And the user right-clicks on the product image..............................failed
Then the description of the selected product should be displayed............skipped
]]></system-out>
</testcase>
<testcase classname="check user is able to change the addess" name="successful change address" time="24.031">
<system-out><![CDATA[
Given address page should be open in default browsers.......................passed
When click on address.......................................................passed
And click on edit button to chnage address..................................passed
Then successfully change address............................................passed
]]></system-out>
</testcase>
</testsuite>
